<?xml version="1.0" encoding="UTF-8"?>
<!-- Generated by org.testng.reporters.JUnitReportReporter -->
<testsuite skipped="0" hostname="Dany-PC" name="com.qa.testcases.CreateIDPageTest" tests="1" failures="0" timestamp="2020-01-04T12:40:53 CAT" time="50.244" errors="0">
  <testcase name="CreateWolfID" time="50.244" classname="com.qa.testcases.CreateIDPageTest"/>
</testsuite> <!-- com.qa.testcases.CreateIDPageTest -->
