<?xml version="1.0" encoding="UTF-8"?>
<!-- Generated by org.testng.reporters.JUnitReportReporter -->
<testsuite skipped="0" hostname="Dany-PC" name="com.qa.testcases.HomePageTest" tests="1" failures="0" timestamp="2020-01-03T14:24:58 CAT" time="28.804" errors="0">
  <testcase name="TypeInSearchBox" time="28.804" classname="com.qa.testcases.HomePageTest"/>
</testsuite> <!-- com.qa.testcases.HomePageTest -->
