<?xml version="1.0" encoding="UTF-8"?>
<!-- Generated by org.testng.reporters.JUnitReportReporter -->
<testsuite skipped="0" hostname="Dany-PC" name="com.qa.testcases.CreateIDPageTest" tests="2" failures="0" timestamp="2020-01-03T12:43:32 CAT" time="65.730" errors="0">
  <testcase name="createIDPageTitleTest" time="34.624" classname="com.qa.testcases.CreateIDPageTest"/>
  <testcase name="CreateWolfID" time="31.106" classname="com.qa.testcases.CreateIDPageTest"/>
</testsuite> <!-- com.qa.testcases.CreateIDPageTest -->
