<?xml version="1.0" encoding="UTF-8"?>
<!-- Generated by org.testng.reporters.JUnitReportReporter -->
<testsuite skipped="0" hostname="Dany-PC" name="com.qa.testcases.CreateIDPageTest" tests="2" failures="0" timestamp="2020-01-03T11:46:17 CAT" time="127.512" errors="0">
  <testcase name="CreateWolfID" time="83.165" classname="com.qa.testcases.CreateIDPageTest"/>
  <testcase name="createIDPageTitleTest" time="44.347" classname="com.qa.testcases.CreateIDPageTest"/>
</testsuite> <!-- com.qa.testcases.CreateIDPageTest -->
